

times in msec
 clock   self+sourced   self:  sourced script
 clock   elapsed:              other lines

001.057  001.057: --- NVIM STARTING ---
012.334  011.277: event init
016.751  004.417: early init
016.816  000.064: locale set
021.137  004.322: init first window
028.835  007.697: inits 1
028.845  000.011: window checked
028.848  000.003: parsing arguments
033.569  004.721: init lua interpreter
033.618  000.049: expanding arguments
034.447  000.829: inits 2
034.654  000.207: init highlight
034.656  000.002: waiting for UI
035.676  001.020: done waiting for UI
035.706  000.030: init screen for UI
035.768  000.062: init default mappings
035.838  000.070: init default autocommands
037.593  000.119  000.119: sourcing startuptime.lua
037.598  001.641: --cmd commands
039.940  000.487  000.487: sourcing /tmp/.mount_nvimgku1OJ/usr/share/nvim/runtime/ftplugin.vim
040.650  000.467  000.467: sourcing /tmp/.mount_nvimgku1OJ/usr/share/nvim/runtime/indent.vim
042.329  000.196  000.196: require util.globals
042.786  000.451  000.451: require config.options
042.851  000.061  000.061: require config.autogroups
042.966  000.005  000.005: require vim.keymap
043.636  000.781  000.776: require config.mappings
043.785  000.043  000.043: require util.log
043.789  000.096  000.053: require util.path
043.808  000.167  000.071: require config.commands
043.844  000.034  000.034: require config.abbreviations
044.919  000.179  000.179: require packer.util
044.953  000.859  000.680: require packer
045.270  000.313  000.313: require packer.log
045.765  000.164  000.164: require packer.async
046.139  000.169  000.169: require packer.result
046.145  000.375  000.206: require packer.jobs
046.150  000.824  000.286: require packer.plugin_utils
046.398  000.238  000.238: require packer.snapshot
046.578  002.730  000.496: require config.plugins
046.725  000.142  000.142: require git.blame
046.919  000.092  000.092: require ui.window.float
046.923  000.189  000.097: require git.lazygit
047.044  000.033  000.033: require util.table
047.085  000.037  000.037: require util.buffer
047.088  000.158  000.089: require ui.arglist
047.239  000.027  000.027: require config.colours
047.266  000.024  000.024: require util.highlights
048.681  000.005  000.005: require vim.F
048.707  001.397  001.391: require vim.diagnostic
048.710  001.441  000.044: require lsp.diagnostics
048.747  000.034  000.034: require util.input
048.752  001.653  000.127: require ui.tabline
048.842  000.063  000.063: require ui.statusline
048.900  000.040  000.040: require ui.buffer.trailing_whitespace
048.956  000.040  000.040: require ui.window.numbering
049.013  000.041  000.041: require tmux
049.126  000.077  000.077: require alternate
049.198  000.039  000.039: require ui.switcheroo
049.302  000.037  000.037: require util.filesystem
049.306  000.096  000.058: require pa
049.422  000.035  000.035: require snake.lib.cell
049.465  000.040  000.040: require snake.lib.snake
049.508  000.039  000.039: require snake.lib.input
049.537  000.027  000.027: require snake.lib.sprites
049.541  000.228  000.087: require snake
049.608  000.056  000.056: require util.auto_update
049.666  008.826  001.586: sourcing /home/alextylor/.config/nvim/init.lua
049.673  002.295: sourcing vimrc file(s)
050.383  000.410  000.410: sourcing /tmp/.mount_nvimgku1OJ/usr/share/nvim/runtime/filetype.lua
056.519  000.014  000.014: sourcing /home/alextylor/.local/share/nvim/site/pack/packer/start/LuaSnip/ftdetect/snippets.vim
056.616  000.010  000.010: sourcing /home/alextylor/.local/share/nvim/site/pack/packer/start/neorg/ftdetect/norg.vim
057.025  000.042  000.042: sourcing /home/alextylor/.config/nvim/after/ftdetect/chef.vim
057.052  000.013  000.013: sourcing /home/alextylor/.config/nvim/after/ftdetect/githubaction.vim
057.079  000.016  000.016: sourcing /home/alextylor/.config/nvim/after/ftdetect/jenkinsfile.vim
057.481  000.039  000.039: sourcing /home/alextylor/.config/nvim/after/ftdetect/help.lua
057.539  007.049  006.916: sourcing /tmp/.mount_nvimgku1OJ/usr/share/nvim/runtime/filetype.vim
058.638  000.099  000.099: sourcing /tmp/.mount_nvimgku1OJ/usr/share/nvim/runtime/syntax/synload.vim
058.736  000.799  000.700: sourcing /tmp/.mount_nvimgku1OJ/usr/share/nvim/runtime/syntax/syntax.vim
059.926  000.203  000.203: sourcing /home/alextylor/.config/nvim/plugin/text-objects.vim
061.002  000.466  000.466: sourcing /tmp/.mount_nvimgku1OJ/usr/share/nvim/runtime/plugin/gzip.vim
061.061  000.026  000.026: sourcing /tmp/.mount_nvimgku1OJ/usr/share/nvim/runtime/plugin/health.vim
061.340  000.254  000.254: sourcing /tmp/.mount_nvimgku1OJ/usr/share/nvim/runtime/plugin/man.vim
061.391  000.025  000.025: sourcing /tmp/.mount_nvimgku1OJ/usr/share/nvim/runtime/plugin/matchit.vim
061.554  000.140  000.140: sourcing /tmp/.mount_nvimgku1OJ/usr/share/nvim/runtime/plugin/matchparen.vim
061.613  000.033  000.033: sourcing /tmp/.mount_nvimgku1OJ/usr/share/nvim/runtime/plugin/netrwPlugin.vim
061.764  000.009  000.009: sourcing /home/alextylor/.local/share/nvim/rplugin.vim
061.771  000.134  000.125: sourcing /tmp/.mount_nvimgku1OJ/usr/share/nvim/runtime/plugin/rplugin.vim
062.000  000.206  000.206: sourcing /tmp/.mount_nvimgku1OJ/usr/share/nvim/runtime/plugin/shada.vim
062.052  000.021  000.021: sourcing /tmp/.mount_nvimgku1OJ/usr/share/nvim/runtime/plugin/spellfile.vim
062.178  000.074  000.074: sourcing /tmp/.mount_nvimgku1OJ/usr/share/nvim/runtime/plugin/tarPlugin.vim
062.259  000.028  000.028: sourcing /tmp/.mount_nvimgku1OJ/usr/share/nvim/runtime/plugin/tohtml.vim
062.313  000.029  000.029: sourcing /tmp/.mount_nvimgku1OJ/usr/share/nvim/runtime/plugin/tutor.vim
062.660  000.319  000.319: sourcing /tmp/.mount_nvimgku1OJ/usr/share/nvim/runtime/plugin/zipPlugin.vim
065.869  000.146  000.146: require telescope._extensions
065.876  002.126  001.980: require telescope
068.600  000.241  000.241: require plenary.bit
068.733  000.125  000.125: require plenary.functional
068.753  000.995  000.628: require plenary.path
068.761  001.227  000.232: require plenary.strings
068.877  000.113  000.113: require telescope.deprecated
069.643  000.281  000.281: require plenary.log
069.663  000.408  000.127: require telescope.log
070.738  000.629  000.629: require plenary.job
070.950  000.191  000.191: require telescope.state
070.974  001.308  000.488: require telescope.utils
070.989  002.109  000.393: require telescope.sorters
071.196  000.177  000.177: require vim.inspect
072.481  005.335  001.709: require telescope.config
072.992  000.222  000.222: require plenary.window.border
073.092  000.097  000.097: require plenary.window
073.206  000.110  000.110: require plenary.popup.utils
073.210  000.724  000.295: require plenary.popup
073.387  000.175  000.175: require telescope.pickers.scroller
073.537  000.147  000.147: require telescope.actions.state
073.703  000.162  000.162: require telescope.actions.utils
074.102  000.189  000.189: require telescope.actions.mt
074.114  000.409  000.220: require telescope.actions.set
074.521  000.185  000.185: require telescope.config.resolve
074.525  000.402  000.217: require telescope.pickers.entry_display
074.641  000.115  000.115: require telescope.from_entry
074.750  008.278  000.809: require telescope.actions
075.641  000.700  000.700: require telescope.make_entry
076.349  000.102  000.102: require plenary.tbl
076.354  000.229  000.127: require plenary.vararg.rotate
076.355  000.316  000.087: require plenary.vararg
076.454  000.097  000.097: require plenary.errors
076.458  000.562  000.149: require plenary.async.async
076.980  000.122  000.122: require plenary.async.structs
076.988  000.296  000.174: require plenary.async.control
076.992  000.440  000.144: require plenary.async.util
076.995  000.535  000.096: require plenary.async.tests
076.997  001.223  000.126: require plenary.async
077.000  001.355  000.132: require telescope.finders.async_static_finder
077.481  000.113  000.113: require plenary.class
077.493  000.352  000.240: require telescope._
077.496  000.495  000.142: require telescope.finders.async_oneshot_finder
077.629  000.132  000.132: require telescope.finders.async_job_finder
077.635  002.883  000.201: require telescope.finders
077.934  000.139  000.139: require telescope.previewers.previewer
078.336  000.400  000.400: require telescope.previewers.term_previewer
079.384  000.124  000.124: require plenary.context_manager
080.105  000.191  000.191: require nvim-treesitter.utils
082.350  000.521  000.521: require vim.treesitter.language
082.364  000.963  000.442: require vim.treesitter.query
082.873  000.507  000.507: require vim.treesitter.languagetree
082.930  002.306  000.835: require vim.treesitter
083.079  002.970  000.665: require nvim-treesitter.parsers
084.379  000.305  000.305: require nvim-treesitter.ts_utils
084.387  000.496  000.191: require nvim-treesitter.tsrange
084.498  000.109  000.109: require nvim-treesitter.caching
084.512  000.892  000.288: require nvim-treesitter.query
084.532  001.252  000.360: require nvim-treesitter.configs
084.535  001.454  000.202: require nvim-treesitter.info
084.774  000.237  000.237: require nvim-treesitter.shell_command_selectors
084.802  005.284  000.432: require nvim-treesitter.install
085.018  000.213  000.213: require nvim-treesitter.query_predicates
085.026  005.638  000.140: require nvim-treesitter
085.034  005.993  000.231: require telescope.previewers.utils
087.037  002.001  002.001: require plenary.filetype
087.443  000.402  000.402: require plenary.scandir
087.480  009.141  000.746: require telescope.previewers.buffer_previewer
087.484  009.832  000.151: require telescope.previewers
088.409  000.184  000.184: require telescope.debounce
088.684  000.272  000.272: require telescope.mappings
088.854  000.166  000.166: require telescope.pickers.highlights
088.976  000.119  000.119: require telescope.pickers.window
089.338  000.194  000.194: require telescope.algos.linked_list
089.343  000.365  000.171: require telescope.entry_manager
089.471  000.127  000.127: require telescope.pickers.multi
089.484  001.999  000.766: require telescope.pickers
089.642  000.155  000.155: require telescope._extensions.gh_previewers
089.911  000.267  000.267: require telescope._extensions.gh_actions
090.081  000.167  000.167: require telescope._extensions.gh_make_entry
090.086  024.096  000.516: require telescope._extensions.gh_builtin
090.089  024.209  000.114: require telescope._extensions.gh
090.334  000.061  000.061: require neorg.callbacks
090.574  000.123  000.123: require neorg.external.log
090.940  000.068  000.068: require neorg.config
090.945  000.191  000.123: require neorg.modules.base
090.948  000.372  000.180: require neorg.modules
091.189  000.240  000.240: require neorg.external.helpers
091.194  000.858  000.123: require neorg.events
091.198  001.018  000.099: require neorg
091.857  000.602  000.602: require vim.filetype
091.916  001.800  000.181: require plugins.neorg
092.320  000.066  000.066: require nvim-autopairs._log
092.467  000.144  000.144: require nvim-autopairs.utils
092.876  000.181  000.181: require nvim-autopairs.conds
092.888  000.327  000.146: require nvim-autopairs.rule
092.891  000.421  000.094: require nvim-autopairs.rules.basic
092.898  000.978  000.347: require nvim-autopairs
093.433  000.087  000.087: require nvim-autopairs.completion.handlers
094.067  000.072  000.072: require cmp.utils.debug
094.385  000.117  000.117: require cmp.utils.char
094.393  000.323  000.206: require cmp.utils.str
094.466  000.071  000.071: require cmp.utils.pattern
094.937  000.161  000.161: require cmp.utils.misc
095.012  000.071  000.071: require cmp.utils.buffer
095.111  000.096  000.096: require cmp.utils.api
095.118  000.539  000.210: require cmp.utils.keymap
095.122  000.653  000.114: require cmp.utils.feedkeys
095.238  000.115  000.115: require cmp.utils.async
095.477  000.073  000.073: require cmp.types.cmp
095.622  000.142  000.142: require cmp.types.lsp
095.713  000.088  000.088: require cmp.types.vim
095.717  000.372  000.069: require cmp.types
095.832  000.114  000.114: require cmp.utils.cache
095.842  000.601  000.115: require cmp.context
096.679  000.219  000.219: require cmp.config.mapping
097.161  000.303  000.303: require cmp.config.compare
097.167  000.482  000.179: require cmp.config.default
097.204  000.997  000.296: require cmp.config
098.010  000.273  000.273: require cmp.matcher
098.019  000.809  000.536: require cmp.entry
098.030  002.186  000.380: require cmp.source
098.495  000.138  000.138: require cmp.utils.event
099.052  000.339  000.339: require cmp.utils.window
099.058  000.559  000.220: require cmp.view.docs_view
099.898  000.350  000.350: require cmp.utils.autocmd
099.914  000.853  000.503: require cmp.view.custom_entries_view
100.184  000.267  000.267: require cmp.view.wildmenu_entries_view
100.343  000.156  000.156: require cmp.view.native_entries_view
100.504  000.158  000.158: require cmp.view.ghost_text_view
100.514  002.481  000.350: require cmp.view
100.619  006.962  000.461: require cmp.core
100.835  000.073  000.073: require cmp.config.sources
100.903  000.065  000.065: require cmp.config.window
100.948  007.512  000.412: require cmp
100.953  007.706  000.107: require nvim-autopairs.completion.cmp
101.326  000.041  000.041: require util.health
101.330  000.166  000.125: require plugins.telescope
101.652  000.171  000.171: require telescope.themes
103.252  000.237  000.237: require telescope._extensions.ui-select
103.573  000.310  000.310: require vim.ui
103.684  000.098  000.098: require telescope._extensions.mapdesc
103.724  000.036  000.036: require telescope._extensions.bashrc
103.771  000.043  000.043: require telescope._extensions.go_src
103.852  000.061  000.061: require telescope._extensions.plugin_files
103.888  000.031  000.031: require telescope._extensions.notes
103.955  000.062  000.062: require plugins.luasnip
104.935  000.403  000.403: require tokyonight.hsluv
104.945  000.720  000.316: require tokyonight.util
105.610  000.154  000.154: require tokyonight.colors
105.614  000.666  000.512: require tokyonight.theme
105.616  001.510  000.124: require tokyonight
105.780  000.160  000.160: require tokyonight.config
107.799  003.710  002.040: sourcing /home/alextylor/.local/share/nvim/site/pack/packer/start/tokyonight.nvim/colors/tokyonight.vim
108.042  000.092  000.092: require plugins.gitsigns
108.412  000.088  000.088: require gitsigns.async
108.477  000.061  000.061: require gitsigns.status
108.964  000.157  000.157: require gitsigns.debug
109.123  000.155  000.155: require gitsigns.util
109.224  000.099  000.099: require gitsigns.subprocess
109.909  000.053  000.053: require gitsigns.message
109.934  000.452  000.399: require gitsigns.config
109.981  000.045  000.045: require gitsigns.signs.base
109.986  000.557  000.060: require gitsigns.signs
109.990  000.764  000.207: require gitsigns.hunks
110.001  001.521  000.347: require gitsigns.git
110.415  000.075  000.075: require gitsigns.cache
110.494  000.075  000.075: require gitsigns.debounce
110.547  000.050  000.050: require gitsigns.diff
110.561  000.558  000.357: require gitsigns.manager
110.614  000.052  000.052: require gitsigns.nvim
110.720  000.103  000.103: require gitsigns.highlight
110.731  002.684  000.300: require gitsigns
111.208  000.463  000.463: require trouble
111.654  000.156  000.156: require gitsigns.signs.vimfn
111.752  000.058  000.058: require gitsigns.nvim.autocmds
111.811  000.048  000.048: require gitsigns.nvim.command
113.141  000.205  000.205: require plugins.lsp.common
118.225  000.300  000.300: require vim.lsp.log
119.328  001.098  001.098: require vim.lsp.protocol
121.510  000.694  000.694: require vim.lsp._snippet
121.888  000.373  000.373: require vim.highlight
121.913  002.580  001.513: require vim.lsp.util
121.930  005.013  001.035: require vim.lsp.handlers
122.417  000.485  000.485: require vim.lsp.rpc
122.839  000.419  000.419: require vim.lsp.sync
123.505  000.662  000.662: require vim.lsp.buf
124.030  000.521  000.521: require vim.lsp.diagnostic
124.402  000.369  000.369: require vim.lsp.codelens
124.496  010.098  002.630: require vim.lsp
124.527  010.863  000.765: require lspconfig.util
124.531  011.189  000.326: require lspconfig.configs
124.535  011.375  000.186: require lspconfig
124.657  000.120  000.120: require lspconfig.server_configurations.sumneko_lua
124.936  000.090  000.090: require cmp_nvim_lsp.source
124.956  000.186  000.096: require cmp_nvim_lsp
125.624  012.801  000.916: require plugins.lsp.sumneko
125.768  000.108  000.108: require lspconfig.server_configurations.tsserver
126.147  000.519  000.411: require plugins.lsp.tsserver
126.317  000.089  000.089: require lspconfig.server_configurations.terraformls
126.498  000.347  000.258: require plugins.lsp.terraform
126.620  000.086  000.086: require lspconfig.server_configurations.gopls
126.800  000.299  000.213: require plugins.lsp.gopls
126.930  000.084  000.084: require lspconfig.server_configurations.efm
126.962  000.158  000.075: require plugins.lsp.efm
127.566  000.144  000.144: require null-ls.methods
127.578  000.397  000.253: require null-ls.utils
127.751  000.674  000.277: require null-ls.config
127.887  000.067  000.067: require null-ls.helpers.cache
128.046  000.156  000.156: require null-ls.helpers.diagnostics
128.110  000.062  000.062: require null-ls.helpers.formatter_factory
128.420  000.084  000.084: require null-ls.logger
128.525  000.101  000.101: require null-ls.state
128.529  000.416  000.231: require null-ls.helpers.generator_factory
128.736  000.103  000.103: require null-ls.helpers.command_resolver
128.739  000.209  000.106: require null-ls.helpers.make_builtin
128.823  000.082  000.082: require null-ls.helpers.range_formatting_args_factory
128.826  001.072  000.080: require null-ls.helpers
129.173  000.147  000.147: require null-ls.diagnostics
129.181  000.354  000.206: require null-ls.sources
129.258  000.075  000.075: require null-ls.builtins
129.434  000.173  000.173: require null-ls.info
129.438  002.439  000.091: require null-ls
129.527  000.084  000.084: require null-ls.builtins.formatting.stylua
129.648  000.118  000.118: require null-ls.builtins.diagnostics.luacheck
129.833  000.181  000.181: require null-ls.builtins.code_actions.shellcheck
129.919  000.083  000.083: require null-ls.builtins.diagnostics.shellcheck
130.002  000.079  000.079: require null-ls.builtins.formatting.shfmt
130.084  000.078  000.078: require null-ls.builtins.code_actions.refactoring
130.217  000.130  000.130: require null-ls.builtins.code_actions.gitsigns
130.331  000.111  000.111: require null-ls.builtins.diagnostics.actionlint
130.881  000.180  000.180: require null-ls.client
131.109  004.144  000.660: require plugins.lsp.null-ls
131.289  000.176  000.176: require nvim_comment
131.666  000.183  000.183: require dap-go
132.195  000.134  000.134: require dap.utils
132.237  000.568  000.434: require dap
132.334  000.074  000.074: require plugins.nvim-tree
133.240  000.124  000.124: require nvim-tree.events
133.663  000.136  000.136: require nvim-tree.log
134.299  000.387  000.387: require notify
134.417  000.112  000.112: require nvim-tree.iterators.node-iterator
134.443  000.777  000.278: require nvim-tree.utils
134.589  000.144  000.144: require nvim-tree.git.utils
134.759  000.167  000.167: require nvim-tree.git.runner
134.885  000.124  000.124: require nvim-tree.watcher
134.892  001.544  000.196: require nvim-tree.git
135.010  000.117  000.117: require nvim-tree.explorer.watch
135.259  000.121  000.121: require nvim-tree.explorer.node-builders
135.367  000.105  000.105: require nvim-tree.explorer.common
135.517  000.148  000.148: require nvim-tree.explorer.sorters
135.635  000.116  000.116: require nvim-tree.explorer.filters
136.142  000.351  000.351: require nvim-tree.view
136.148  000.510  000.160: require nvim-tree.live-filter
136.152  001.140  000.140: require nvim-tree.explorer.explore
136.296  000.141  000.141: require nvim-tree.explorer.reload
136.301  003.058  000.116: require nvim-tree.explorer
136.305  003.279  000.097: require nvim-tree.core
136.490  000.183  000.183: require nvim-tree.diagnostics
136.623  000.129  000.129: require nvim-tree.renderer.components.padding
136.749  000.123  000.123: require nvim-tree.renderer.components.icons
136.882  000.131  000.131: require nvim-tree.renderer.components.full-name
137.012  000.127  000.127: require nvim-tree.renderer.help
137.180  000.166  000.166: require nvim-tree.renderer.components.git
137.523  000.322  000.322: require nvim-tree.renderer.builder
137.532  004.643  000.183: require nvim-tree.renderer
137.687  000.149  000.149: require nvim-tree.actions.collapse-all
137.815  000.125  000.125: require nvim-tree.actions.dir-up
137.998  000.180  000.180: require nvim-tree.actions.change-dir
138.198  000.196  000.196: require nvim-tree.actions.reloaders
138.321  000.120  000.120: require nvim-tree.actions.find-file
138.325  005.571  000.159: require nvim-tree.lib
138.479  000.152  000.152: require nvim-tree.colors
138.738  000.255  000.255: require nvim-tree.legacy
138.976  000.234  000.234: require nvim-tree.actions.copy-paste
139.355  000.083  000.083: require nvim-tree.config
139.509  000.145  000.145: require nvim-tree.actions.movements
139.633  000.121  000.121: require nvim-tree.actions.expand-all
139.910  000.275  000.275: require nvim-tree.actions.create-file
140.093  000.160  000.160: require nvim-tree.actions.rename-file
140.231  000.131  000.131: require nvim-tree.actions.remove-file
140.321  000.087  000.087: require nvim-tree.actions.run-command
140.438  000.115  000.115: require nvim-tree.actions.search-node
140.565  000.125  000.125: require nvim-tree.actions.file-popup
140.711  000.142  000.142: require nvim-tree.actions.system-open
140.806  000.093  000.093: require nvim-tree.actions.toggles
140.960  000.151  000.151: require nvim-tree.actions.trash
140.968  001.987  000.360: require nvim-tree.actions
140.981  008.644  000.443: require nvim-tree
142.454  000.272  000.272: require nvim-tree.actions.open-file
143.729  000.359  000.359: require nvim-web-devicons
144.449  000.145  000.145: require auto-session-library
144.468  000.456  000.311: require auto-session
145.290  000.158  000.158: require dapui.config
145.301  000.353  000.195: require dapui.util
145.581  000.204  000.204: require dapui.render.canvas
145.707  000.123  000.123: require dapui.render.loop
145.710  000.407  000.080: require dapui.render
145.909  000.197  000.197: require dapui.windows.layout
145.914  001.140  000.183: require dapui.windows
145.918  001.343  000.202: require dapui
146.288  000.302  000.302: require dapui.config.highlights
146.631  000.279  000.279: require dapui.state
146.723  000.083  000.083: require dapui.elements.breakpoints
146.937  000.117  000.117: require dapui.components.buf_breakpoints
146.941  000.216  000.099: require dapui.components.breakpoints
147.034  000.087  000.087: require dapui.elements.repl
147.112  000.074  000.074: require dapui.elements.scopes
147.356  000.147  000.147: require dapui.components.variables
147.361  000.247  000.101: require dapui.components.scopes
147.439  000.075  000.075: require dapui.elements.stacks
147.639  000.095  000.095: require dapui.components.frames
147.643  000.201  000.106: require dapui.components.threads
147.724  000.076  000.076: require dapui.elements.watches
147.879  000.153  000.153: require dapui.components.watches
148.089  000.129  000.129: require dapui.components.hover
148.092  000.209  000.080: require dapui.elements.hover
148.193  000.098  000.098: require dapui.elements.console
148.414  000.156  000.156: require nvim-dap-virtual-text
148.445  003.972  000.375: require plugins.nvimdap
149.259  000.318  000.318: require telescope.builtin.__lsp
149.277  000.573  000.255: require telescope.builtin
149.282  000.831  000.258: require telescope._extensions.dap
149.635  000.351  000.351: require dap.ui
151.235  000.211  000.211: require plugins.nvim-cmp
152.347  000.037  000.037: require luasnip.session
152.674  000.324  000.324: require luasnip.util.util
152.716  000.039  000.039: require luasnip.util.types
152.897  000.084  000.084: require luasnip.util.ext_opts
152.902  000.183  000.099: require luasnip.nodes.util
152.939  000.036  000.036: require luasnip.util.events
152.952  000.818  000.200: require luasnip.nodes.node
153.099  000.145  000.145: require luasnip.nodes.insertNode
153.158  000.057  000.057: require luasnip.nodes.textNode
153.269  000.108  000.108: require luasnip.util.mark
153.409  000.136  000.136: require luasnip.util.environ
153.506  000.078  000.078: require luasnip.util.pattern_tokenizer
153.562  000.053  000.053: require luasnip.util.dict
153.707  000.143  000.143: require luasnip.session.snippet_collection
153.736  002.150  000.613: require luasnip.nodes.snippet
153.861  000.043  000.043: require luasnip.loaders._caches
153.866  000.128  000.085: require luasnip.loaders
153.988  000.105  000.105: require luasnip.nodes.functionNode
154.233  000.240  000.240: require luasnip.nodes.choiceNode
154.453  000.217  000.217: require luasnip.nodes.dynamicNode
154.630  000.173  000.173: require luasnip.nodes.restoreNode
154.890  000.032  000.032: require luasnip.util.functions
154.895  000.261  000.229: require luasnip.util.parser
155.079  000.062  000.062: require luasnip.extras.filetype_functions
155.225  000.132  000.132: require luasnip.extras
155.359  000.131  000.131: require luasnip.extras.fmt
155.391  000.029  000.029: require luasnip.extras.expand_conditions
155.431  000.038  000.038: require luasnip.nodes.absolute_indexer
155.541  000.644  000.252: require luasnip.config
155.544  004.305  000.385: require luasnip
156.494  000.033  000.033: sourcing /home/alextylor/.local/share/nvim/site/pack/packer/opt/bats.vim/ftdetect/bats.vim
156.688  000.172  000.172: sourcing /home/alextylor/.local/share/nvim/site/pack/packer/opt/vim-terraform/ftdetect/hcl.vim
156.836  000.125  000.125: sourcing /home/alextylor/.local/share/nvim/site/pack/packer/opt/go.nvim/ftdetect/go.vim
156.842  094.011  009.766: sourcing /home/alextylor/.config/nvim/plugin/packer_compiled.lua
157.300  003.402: loading rtp plugins
157.855  000.226  000.226: sourcing /home/alextylor/.local/share/nvim/site/pack/packer/start/LuaSnip/plugin/luasnip.vim
158.210  000.266  000.266: sourcing /home/alextylor/.local/share/nvim/site/pack/packer/start/auto-session/plugin/auto-session.vim
158.628  000.240  000.240: sourcing /home/alextylor/.local/share/nvim/site/pack/packer/start/conflict-marker.vim/plugin/conflict_marker.vim
159.078  000.118  000.118: require cmp.utils.highlight
159.381  000.507  000.390: sourcing /home/alextylor/.local/share/nvim/site/pack/packer/start/nvim-cmp/plugin/cmp.lua
159.554  000.068  000.068: sourcing /home/alextylor/.local/share/nvim/site/pack/packer/start/nvim-dap/plugin/dap.lua
159.744  000.080  000.080: sourcing /home/alextylor/.local/share/nvim/site/pack/packer/start/nvim-lspconfig/plugin/lspconfig.vim
160.742  000.872  000.872: sourcing /home/alextylor/.local/share/nvim/site/pack/packer/start/nvim-treesitter/plugin/nvim-treesitter.lua
160.962  000.129  000.129: require nvim-treesitter-textsubjects
161.120  000.306  000.176: sourcing /home/alextylor/.local/share/nvim/site/pack/packer/start/nvim-treesitter-textsubjects/plugin/nvim-treesitter-textsubjects.vim
161.259  000.031  000.031: sourcing /home/alextylor/.local/share/nvim/site/pack/packer/start/plenary.nvim/plugin/plenary.vim
161.698  000.266  000.266: sourcing /home/alextylor/.local/share/nvim/site/pack/packer/start/telescope.nvim/plugin/telescope.lua
161.933  000.153  000.153: sourcing /home/alextylor/.local/share/nvim/site/pack/packer/start/vim-tmux-navigator/plugin/tmux_navigator.vim
162.337  002.022: loading packages
162.754  000.114  000.114: require cmp_tmux.tmux
162.761  000.222  000.108: require cmp_tmux.source
163.152  000.661  000.439: require cmp_tmux
163.176  000.709  000.048: sourcing /home/alextylor/.local/share/nvim/site/pack/packer/start/cmp-tmux/after/plugin/cmp_tmux.vim
163.708  000.054  000.054: require cmp_buffer.timer
163.717  000.269  000.216: require cmp_buffer.buffer
163.721  000.388  000.118: require cmp_buffer.source
163.723  000.429  000.041: require cmp_buffer
163.741  000.470  000.041: sourcing /home/alextylor/.local/share/nvim/site/pack/packer/start/cmp-buffer/after/plugin/cmp_buffer.lua
163.864  000.068  000.068: sourcing /home/alextylor/.local/share/nvim/site/pack/packer/start/cmp-nvim-lsp/after/plugin/cmp_nvim_lsp.lua
164.009  000.060  000.060: require cmp-spell
164.065  000.137  000.076: sourcing /home/alextylor/.local/share/nvim/site/pack/packer/start/cmp-spell/after/plugin/cmp-spell.lua
164.349  000.149  000.149: require cmp_luasnip
164.470  000.309  000.160: sourcing /home/alextylor/.local/share/nvim/site/pack/packer/start/cmp_luasnip/after/plugin/cmp_luasnip.lua
164.485  000.456: loading after plugins
164.500  000.015: inits 3
166.104  001.603: reading ShaDa
166.723  000.140  000.140: require luasnip.util.path
166.875  000.148  000.148: require luasnip.loaders.util
166.933  000.055  000.055: require luasnip.util.str
166.938  000.520  000.176: require luasnip.loaders.from_lua
167.199  000.072  000.072: require luasnip.nodes.snippetProxy
167.207  000.238  000.167: require luasnip.loaders.from_snipmate
167.478  000.190  000.190: require luasnip.loaders.from_vscode
167.499  000.447: opening buffers
167.721  000.041  000.041: sourcing /home/alextylor/.local/share/nvim/site/pack/packer/start/conflict-marker.vim/autoload/conflict_marker/detect.vim
167.764  000.224: BufEnter autocommands
167.767  000.002: editing files in windows
167.942  000.071  000.071: require gitsigns.nvim.highlights
168.281  000.442: VimEnter autocommands
168.285  000.005: UIEnter autocommands
168.287  000.002: before starting main loop
169.359  000.430  000.430: require lsp_signature.helper
169.396  001.029  000.599: require lsp_signature
170.612  001.296: first screen update
170.615  000.002: --- NVIM STARTED ---
